 
 -------------- celery@5431329-hc59128 v5.4.0 (opalescent)
--- ***** ----- 
-- ******* ---- Linux-5.15.0-142-generic-x86_64-with-glibc2.35 2025-09-02 12:37:34
- *** --- * --- 
- ** ---------- [config]
- ** ---------- .> app:         core:0x7fc68be272e0
- ** ---------- .> transport:   redis://127.0.0.1:6379/1
- ** ---------- .> results:     redis://127.0.0.1:6379/1
- *** --- * --- .> concurrency: 2 (prefork)
-- ******* ---- .> task events: OFF (enable -E to monitor tasks in this worker)
--- ***** ----- 
 -------------- [queues]
                .> celery           exchange=celery(direct) key=celery
                

[tasks]
  . apps.users.task.check_verification_status
  . apps.whitebitx.tasks.check_transactions
  . apps.whitebitx.tasks.close_expired_transactions
  . apps.whitebitx.tasks.update_rates_from_ticker


worker: Warm shutdown (MainProcess)
 
 -------------- celery@5431329-hc59128 v5.4.0 (opalescent)
--- ***** ----- 
-- ******* ---- Linux-5.15.0-142-generic-x86_64-with-glibc2.35 2025-09-02 16:50:06
- *** --- * --- 
- ** ---------- [config]
- ** ---------- .> app:         core:0x7f23dde681c0
- ** ---------- .> transport:   redis://127.0.0.1:6379/1
- ** ---------- .> results:     redis://127.0.0.1:6379/1
- *** --- * --- .> concurrency: 2 (prefork)
-- ******* ---- .> task events: OFF (enable -E to monitor tasks in this worker)
--- ***** ----- 
 -------------- [queues]
                .> celery           exchange=celery(direct) key=celery
                

[tasks]
  . apps.users.task.check_verification_status
  . apps.whitebitx.tasks.check_transactions
  . apps.whitebitx.tasks.close_expired_transactions
  . apps.whitebitx.tasks.update_rates_from_ticker


worker: Warm shutdown (MainProcess)
 
 -------------- celery@5431329-hc59128 v5.4.0 (opalescent)
--- ***** ----- 
-- ******* ---- Linux-5.15.0-142-generic-x86_64-with-glibc2.35 2025-09-02 16:53:16
- *** --- * --- 
- ** ---------- [config]
- ** ---------- .> app:         core:0x7f8311408190
- ** ---------- .> transport:   redis://127.0.0.1:6379/1
- ** ---------- .> results:     redis://127.0.0.1:6379/1
- *** --- * --- .> concurrency: 2 (prefork)
-- ******* ---- .> task events: OFF (enable -E to monitor tasks in this worker)
--- ***** ----- 
 -------------- [queues]
                .> celery           exchange=celery(direct) key=celery
                

[tasks]
  . apps.users.task.check_verification_status
  . apps.whitebitx.tasks.check_transactions
  . apps.whitebitx.tasks.close_expired_transactions
  . apps.whitebitx.tasks.update_rates_from_ticker

